<?xml version="1.0" encoding="UTF-8"?>
<testsuite xmlns:xsi="http://www.w3.org/2001/XMLSchema-instance" xsi:noNamespaceSchemaLocation="https://maven.apache.org/surefire/maven-failsafe-plugin/xsd/failsafe-test-report-3.0.xsd" version="3.0" name="Google" time="50.1" tests="1" errors="0" skipped="0" failures="0">
  <properties>
[...]
</properties>
  <testcase name="Testing Gmail" classname="Google" time="50.1">
    <system-out><![CDATA[┌───────────────────────────────────────────────────────────────────────────────────┐
│ Share your Cucumber Report with your team at https://reports.cucumber.io          │
│ Activate publishing with one of the following:                                    │
│                                                                                   │
│ src/test/resources/cucumber.properties:          cucumber.publish.enabled=true    │
│ src/test/resources/junit-platform.properties:    cucumber.publish.enabled=true    │
│ Environment variable:                            CUCUMBER_PUBLISH_ENABLED=true    │
│ JUnit:                                           @CucumberOptions(publish = true) │
│                                                                                   │
│ More information at https://cucumber.io/docs/cucumber/environment-variables/      │
│                                                                                   │
│ Disable this message with one of the following:                                   │
│                                                                                   │
│ src/test/resources/cucumber.properties:          cucumber.publish.quiet=true      │
│ src/test/resources/junit-platform.properties:    cucumber.publish.quiet=true      │
└───────────────────────────────────────────────────────────────────────────────────┘


@test
Scenario: Testing Gmail     # src/test/resources/features/Google.feature:4
-----------****************--------Testing Gmail
Launched
[DEBUG] 2023-02-02 21:04:16.124 [pool-2-thread-1] InternalLoggerFactory - Using Log4J2 as the default logging framework
[DEBUG] 2023-02-02 21:04:16.128 [pool-2-thread-1] ResourceLeakDetector - -Dio.netty.leakDetection.level: simple
[DEBUG] 2023-02-02 21:04:16.128 [pool-2-thread-1] ResourceLeakDetector - -Dio.netty.leakDetection.targetRecords: 4
[DEBUG] 2023-02-02 21:04:16.131 [pool-2-thread-1] ResourceLeakDetectorFactory - Loaded default ResourceLeakDetector: io.netty.util.ResourceLeakDetector@3236387d
[DEBUG] 2023-02-02 21:04:16.140 [pool-2-thread-1] PlatformDependent0 - -Dio.netty.noUnsafe: false
[DEBUG] 2023-02-02 21:04:16.140 [pool-2-thread-1] PlatformDependent0 - Java version: 11
[DEBUG] 2023-02-02 21:04:16.140 [pool-2-thread-1] PlatformDependent0 - sun.misc.Unsafe.theUnsafe: available
[DEBUG] 2023-02-02 21:04:16.140 [pool-2-thread-1] PlatformDependent0 - sun.misc.Unsafe.copyMemory: available
[DEBUG] 2023-02-02 21:04:16.140 [pool-2-thread-1] PlatformDependent0 - sun.misc.Unsafe.storeFence: available
[DEBUG] 2023-02-02 21:04:16.140 [pool-2-thread-1] PlatformDependent0 - java.nio.Buffer.address: available
[DEBUG] 2023-02-02 21:04:16.141 [pool-2-thread-1] PlatformDependent0 - direct buffer constructor: unavailable: Reflective setAccessible(true) disabled
[DEBUG] 2023-02-02 21:04:16.141 [pool-2-thread-1] PlatformDependent0 - java.nio.Bits.unaligned: available, true
[DEBUG] 2023-02-02 21:04:16.141 [pool-2-thread-1] PlatformDependent0 - jdk.internal.misc.Unsafe.allocateUninitializedArray(int): unavailable: class io.netty.util.internal.PlatformDependent0$7 cannot access class jdk.internal.misc.Unsafe (in module java.base) because module java.base does not export jdk.internal.misc to unnamed module @346939bf
[DEBUG] 2023-02-02 21:04:16.142 [pool-2-thread-1] PlatformDependent0 - java.nio.DirectByteBuffer.<init>(long, int): unavailable
[DEBUG] 2023-02-02 21:04:16.142 [pool-2-thread-1] PlatformDependent - sun.misc.Unsafe: available
[DEBUG] 2023-02-02 21:04:16.142 [pool-2-thread-1] PlatformDependent - maxDirectMemory: 1073741824 bytes (maybe)
[DEBUG] 2023-02-02 21:04:16.142 [pool-2-thread-1] PlatformDependent - -Dio.netty.tmpdir: /var/folders/h3/8sbq2sjs45l6jgx9q_hyv7mh0000gq/T (java.io.tmpdir)
[DEBUG] 2023-02-02 21:04:16.142 [pool-2-thread-1] PlatformDependent - -Dio.netty.bitMode: 64 (sun.arch.data.model)
[DEBUG] 2023-02-02 21:04:16.142 [pool-2-thread-1] PlatformDependent - Platform: MacOS
[DEBUG] 2023-02-02 21:04:16.142 [pool-2-thread-1] PlatformDependent - -Dio.netty.maxDirectMemory: -1 bytes
[DEBUG] 2023-02-02 21:04:16.142 [pool-2-thread-1] PlatformDependent - -Dio.netty.uninitializedArrayAllocationThreshold: -1
[DEBUG] 2023-02-02 21:04:16.143 [pool-2-thread-1] CleanerJava9 - java.nio.ByteBuffer.cleaner(): available
[DEBUG] 2023-02-02 21:04:16.143 [pool-2-thread-1] PlatformDependent - -Dio.netty.noPreferDirect: false
[DEBUG] 2023-02-02 21:04:16.146 [pool-2-thread-1] PlatformDependent - org.jctools-core.MpscChunkedArrayQueue: available
[DEBUG] 2023-02-02 21:04:16.156 [pool-2-thread-1] InternalThreadLocalMap - -Dio.netty.threadLocalMap.stringBuilder.initialSize: 1024
[DEBUG] 2023-02-02 21:04:16.156 [pool-2-thread-1] InternalThreadLocalMap - -Dio.netty.threadLocalMap.stringBuilder.maxSize: 4096
[DEBUG] 2023-02-02 21:04:16.227 [pool-2-thread-1] JdkSslContext - Default protocols (JDK): [TLSv1.3, TLSv1.2] 
[DEBUG] 2023-02-02 21:04:16.227 [pool-2-thread-1] JdkSslContext - Default cipher suites (JDK): [TLS_ECDHE_ECDSA_WITH_AES_256_GCM_SHA384, TLS_ECDHE_ECDSA_WITH_AES_128_GCM_SHA256, TLS_ECDHE_RSA_WITH_AES_128_GCM_SHA256, TLS_ECDHE_RSA_WITH_AES_256_GCM_SHA384, TLS_ECDHE_RSA_WITH_AES_128_CBC_SHA, TLS_ECDHE_RSA_WITH_AES_256_CBC_SHA, TLS_RSA_WITH_AES_128_GCM_SHA256, TLS_RSA_WITH_AES_128_CBC_SHA, TLS_RSA_WITH_AES_256_CBC_SHA, TLS_AES_128_GCM_SHA256, TLS_AES_256_GCM_SHA384]
[DEBUG] 2023-02-02 21:04:16.238 [pool-2-thread-1] MultithreadEventLoopGroup - -Dio.netty.eventLoopThreads: 16
[DEBUG] 2023-02-02 21:04:16.242 [pool-2-thread-1] NioEventLoop - -Dio.netty.noKeySetOptimization: false
[DEBUG] 2023-02-02 21:04:16.242 [pool-2-thread-1] NioEventLoop - -Dio.netty.selectorAutoRebuildThreshold: 512
[DEBUG] 2023-02-02 21:04:16.256 [pool-2-thread-1] PooledByteBufAllocator - -Dio.netty.allocator.numHeapArenas: 16
[DEBUG] 2023-02-02 21:04:16.256 [pool-2-thread-1] PooledByteBufAllocator - -Dio.netty.allocator.numDirectArenas: 16
[DEBUG] 2023-02-02 21:04:16.256 [pool-2-thread-1] PooledByteBufAllocator - -Dio.netty.allocator.pageSize: 8192
[DEBUG] 2023-02-02 21:04:16.256 [pool-2-thread-1] PooledByteBufAllocator - -Dio.netty.allocator.maxOrder: 9
[DEBUG] 2023-02-02 21:04:16.256 [pool-2-thread-1] PooledByteBufAllocator - -Dio.netty.allocator.chunkSize: 4194304
[DEBUG] 2023-02-02 21:04:16.256 [pool-2-thread-1] PooledByteBufAllocator - -Dio.netty.allocator.smallCacheSize: 256
[DEBUG] 2023-02-02 21:04:16.256 [pool-2-thread-1] PooledByteBufAllocator - -Dio.netty.allocator.normalCacheSize: 64
[DEBUG] 2023-02-02 21:04:16.256 [pool-2-thread-1] PooledByteBufAllocator - -Dio.netty.allocator.maxCachedBufferCapacity: 32768
[DEBUG] 2023-02-02 21:04:16.256 [pool-2-thread-1] PooledByteBufAllocator - -Dio.netty.allocator.cacheTrimInterval: 8192
[DEBUG] 2023-02-02 21:04:16.256 [pool-2-thread-1] PooledByteBufAllocator - -Dio.netty.allocator.cacheTrimIntervalMillis: 0
[DEBUG] 2023-02-02 21:04:16.256 [pool-2-thread-1] PooledByteBufAllocator - -Dio.netty.allocator.useCacheForAllThreads: false
[DEBUG] 2023-02-02 21:04:16.256 [pool-2-thread-1] PooledByteBufAllocator - -Dio.netty.allocator.maxCachedByteBuffersPerChunk: 1023
[DEBUG] 2023-02-02 21:04:16.260 [pool-2-thread-1] ByteBufUtil - -Dio.netty.allocator.type: pooled
[DEBUG] 2023-02-02 21:04:16.260 [pool-2-thread-1] ByteBufUtil - -Dio.netty.threadLocalDirectBufferSize: 0
[DEBUG] 2023-02-02 21:04:16.260 [pool-2-thread-1] ByteBufUtil - -Dio.netty.maxThreadLocalCharBufferSize: 16384
[DEBUG] 2023-02-02 21:04:16.409 [AsyncHttpClient-1-2] AbstractByteBuf - -Dio.netty.buffer.checkAccessible: true
[DEBUG] 2023-02-02 21:04:16.409 [AsyncHttpClient-1-2] AbstractByteBuf - -Dio.netty.buffer.checkBounds: true
[DEBUG] 2023-02-02 21:04:16.409 [AsyncHttpClient-1-2] ResourceLeakDetectorFactory - Loaded default ResourceLeakDetector: io.netty.util.ResourceLeakDetector@12717cda
[DEBUG] 2023-02-02 21:04:16.551 [AsyncHttpClient-1-2] InsecureTrustManagerFactory - Accepting a server certificate: CN=lambdatest.com
[DEBUG] 2023-02-02 21:04:16.624 [AsyncHttpClient-1-2] SslHandler - [id: 0x70589f23, L:/192.168.100.194:50652 - R:hub.lambdatest.com/65.0.196.161:443] HANDSHAKEN: protocol:TLSv1.2 cipher suite:TLS_ECDHE_RSA_WITH_AES_128_GCM_SHA256
  Given user launch browser # stepDefs.GoogleStepDef.user_launch_browser()
URL entered
  When user enter url       # stepDefs.GoogleStepDef.user_enter_url()
Title verified
  Then verify title         # stepDefs.GoogleStepDef.verify_title()
]]></system-out>
    <system-err><![CDATA[Feb 02, 2023 9:04:16 PM org.openqa.selenium.remote.tracing.opentelemetry.OpenTelemetryTracer createTracer
INFO: Using OpenTelemetry for tracing
]]></system-err>
  </testcase>
</testsuite>